0 info it worked if it ends with ok
1 verbose cli [ 'C:\\Program Files\\nodejs\\node.exe',
1 verbose cli   'C:\\Program Files\\nodejs\\node_modules\\npm\\bin\\npm-cli.js',
1 verbose cli   'run',
1 verbose cli   'increase' ]
2 info using npm@3.10.8
3 info using node@v6.9.1
4 verbose run-script [ 'preincrease', 'increase', 'postincrease' ]
5 info lifecycle laya@0.1.24-a~preincrease: laya@0.1.24-a
6 silly lifecycle laya@0.1.24-a~preincrease: no script for preincrease, continuing
7 info lifecycle laya@0.1.24-a~increase: laya@0.1.24-a
8 verbose lifecycle laya@0.1.24-a~increase: unsafe-perm in lifecycle true
9 verbose lifecycle laya@0.1.24-a~increase: PATH: C:\Program Files\nodejs\node_modules\npm\bin\node-gyp-bin;c:\VTRoot\HarddiskVolume2\Users\User13\Desktop\Projects\binarium\node_modules\laya\node_modules\.bin;c:\VTRoot\HarddiskVolume2\Users\User13\Desktop\Projects\binarium\node_modules\.bin;C:\Users\User13\Apps\cmder\vendor\conemu-maximus5\ConEmu\Scripts;C:\Users\User13\Apps\cmder\vendor\conemu-maximus5;C:\Users\User13\Apps\cmder\vendor\conemu-maximus5\ConEmu;C:\Windows\system32;C:\Windows;C:\Windows\System32\Wbem;C:\Windows\System32\WindowsPowerShell\v1.0\;"C:\Program Files (x86)\php-7.0.13-nts-Win32-VC14-x86";"C:\Program Files\nodejs";C:\salt;C:\Users\User13\AppData\Local\Microsoft\WindowsApps;C:\Users\User13\AppData\Roaming\npm;C:\Users\User13\AppData\Local\Programs\Git\cmd;C:\Users\User13\AppData\Local\atom\bin;C:\ProgramData\chocoportable\bin;
10 verbose lifecycle laya@0.1.24-a~increase: CWD: c:\VTRoot\HarddiskVolume2\Users\User13\Desktop\Projects\binarium\node_modules\laya
11 silly lifecycle laya@0.1.24-a~increase: Args: [ '/d /s /c',
11 silly lifecycle   'node node_modules/vpplus/vpplus.js increase-build' ]
12 silly lifecycle laya@0.1.24-a~increase: Returned: code: 1  signal: null
13 info lifecycle laya@0.1.24-a~increase: Failed to exec increase script
14 verbose stack Error: laya@0.1.24-a increase: `node node_modules/vpplus/vpplus.js increase-build`
14 verbose stack Exit status 1
14 verbose stack     at EventEmitter.<anonymous> (C:\Program Files\nodejs\node_modules\npm\lib\utils\lifecycle.js:255:16)
14 verbose stack     at emitTwo (events.js:106:13)
14 verbose stack     at EventEmitter.emit (events.js:191:7)
14 verbose stack     at ChildProcess.<anonymous> (C:\Program Files\nodejs\node_modules\npm\lib\utils\spawn.js:40:14)
14 verbose stack     at emitTwo (events.js:106:13)
14 verbose stack     at ChildProcess.emit (events.js:191:7)
14 verbose stack     at maybeClose (internal/child_process.js:877:16)
14 verbose stack     at Process.ChildProcess._handle.onexit (internal/child_process.js:226:5)
15 verbose pkgid laya@0.1.24-a
16 verbose cwd c:\VTRoot\HarddiskVolume2\Users\User13\Desktop\Projects\binarium\node_modules\laya
17 error Windows_NT 10.0.14393
18 error argv "C:\\Program Files\\nodejs\\node.exe" "C:\\Program Files\\nodejs\\node_modules\\npm\\bin\\npm-cli.js" "run" "increase"
19 error node v6.9.1
20 error npm  v3.10.8
21 error code ELIFECYCLE
22 error laya@0.1.24-a increase: `node node_modules/vpplus/vpplus.js increase-build`
22 error Exit status 1
23 error Failed at the laya@0.1.24-a increase script 'node node_modules/vpplus/vpplus.js increase-build'.
23 error Make sure you have the latest version of node.js and npm installed.
23 error If you do, this is most likely a problem with the laya package,
23 error not with npm itself.
23 error Tell the author that this fails on your system:
23 error     node node_modules/vpplus/vpplus.js increase-build
23 error You can get information on how to open an issue for this project with:
23 error     npm bugs laya
23 error Or if that isn't available, you can get their info via:
23 error     npm owner ls laya
23 error There is likely additional logging output above.
24 verbose exit [ 1, true ]
